[0329/114957.518:ERROR:process_memory_win.cc(73)] ReadMemory at 0x1bcd1cc4670 of 6656 bytes failed: Only part of a ReadProcessMemory or WriteProcessMemory request was completed. (0x12B)
[0329/114957.519:ERROR:process_snapshot_win.cc(322)] failed to read unloaded module data
[0329/114957.522:ERROR:process_memory_win.cc(73)] ReadMemory at 0x77cb0000 of 64 bytes failed: Only part of a ReadProcessMemory or WriteProcessMemory request was completed. (0x12B)
[0329/114957.522:WARNING:pe_image_reader.cc(340)] could not read dos header from C:\WINDOWS\System32\SYSFER.DLL
[0329/114957.524:ERROR:process_memory_win.cc(73)] ReadMemory at 0x7ff661290000 of 64 bytes failed: Only part of a ReadProcessMemory or WriteProcessMemory request was completed. (0x12B)
[0329/114957.524:WARNING:pe_image_reader.cc(340)] could not read dos header from C:\Program Files (x86)\Google\Chrome\Application\chrome.exe
[0329/114957.524:ERROR:process_memory_win.cc(73)] ReadMemory at 0x7ff661290000 of 64 bytes failed: Only part of a ReadProcessMemory or WriteProcessMemory request was completed. (0x12B)
[0329/114957.524:WARNING:pe_image_reader.cc(340)] could not read dos header from C:\Program Files (x86)\Google\Chrome\Application\chrome.exe
[0329/114957.524:ERROR:process_memory_win.cc(73)] ReadMemory at 0x77cb0000 of 64 bytes failed: Only part of a ReadProcessMemory or WriteProcessMemory request was completed. (0x12B)
[0329/114957.524:WARNING:pe_image_reader.cc(340)] could not read dos header from C:\WINDOWS\System32\SYSFER.DLL
[0329/114957.524:ERROR:process_memory_win.cc(73)] ReadMemory at 0x77cb0000 of 64 bytes failed: Only part of a ReadProcessMemory or WriteProcessMemory request was completed. (0x12B)
[0329/114957.524:WARNING:pe_image_reader.cc(340)] could not read dos header from C:\WINDOWS\System32\SYSFER.DLL
[0329/114957.525:ERROR:process_memory_win.cc(73)] ReadMemory at 0x1bcd20d3730 of 72 bytes failed: Only part of a ReadProcessMemory or WriteProcessMemory request was completed. (0x12B)
[0329/114957.525:WARNING:pe_image_annotations_reader.cc(134)] could not read annotations list object in C:\Program Files (x86)\Google\Chrome\Application\80.0.3987.149\chrome_elf.dll
[0329/114957.525:ERROR:process_memory_win.cc(73)] ReadMemory at 0x7ffdfef70000 of 64 bytes failed: Only part of a ReadProcessMemory or WriteProcessMemory request was completed. (0x12B)
[0329/114957.525:WARNING:pe_image_reader.cc(340)] could not read dos header from C:\Program Files (x86)\Google\Chrome\Application\80.0.3987.149\chrome.dll
[0329/114957.525:ERROR:process_memory_win.cc(73)] ReadMemory at 0x7ffdfef70000 of 64 bytes failed: Only part of a ReadProcessMemory or WriteProcessMemory request was completed. (0x12B)
[0329/114957.525:WARNING:pe_image_reader.cc(340)] could not read dos header from C:\Program Files (x86)\Google\Chrome\Application\80.0.3987.149\chrome.dll
[0329/114957.579:ERROR:process_memory_win.cc(73)] ReadMemory at 0x7ff661290000 of 64 bytes failed: Only part of a ReadProcessMemory or WriteProcessMemory request was completed. (0x12B)
[0329/114957.579:WARNING:pe_image_reader.cc(340)] could not read dos header from C:\Program Files (x86)\Google\Chrome\Application\chrome.exe
[0329/114957.579:ERROR:process_memory_win.cc(73)] ReadMemory at 0x7ffe5c220000 of 64 bytes failed: Only part of a ReadProcessMemory or WriteProcessMemory request was completed. (0x12B)
[0329/114957.579:WARNING:pe_image_reader.cc(340)] could not read dos header from C:\WINDOWS\SYSTEM32\ntdll.dll
[0329/114957.579:ERROR:process_memory_win.cc(73)] ReadMemory at 0x7ffe5c120000 of 64 bytes failed: Only part of a ReadProcessMemory or WriteProcessMemory request was completed. (0x12B)
[0329/114957.579:WARNING:pe_image_reader.cc(340)] could not read dos header from C:\WINDOWS\System32\KERNEL32.DLL
[0329/114957.579:ERROR:process_memory_win.cc(73)] ReadMemory at 0x7ffe591b0000 of 64 bytes failed: Only part of a ReadProcessMemory or WriteProcessMemory request was completed. (0x12B)
[0329/114957.579:WARNING:pe_image_reader.cc(340)] could not read dos header from C:\WINDOWS\System32\KERNELBASE.dll
[0329/114957.579:ERROR:process_memory_win.cc(73)] ReadMemory at 0x77cb0000 of 64 bytes failed: Only part of a ReadProcessMemory or WriteProcessMemory request was completed. (0x12B)
[0329/114957.580:WARNING:pe_image_reader.cc(340)] could not read dos header from C:\WINDOWS\System32\SYSFER.DLL
[0329/114957.580:ERROR:process_memory_win.cc(73)] ReadMemory at 0x7ffe10170000 of 64 bytes failed: Only part of a ReadProcessMemory or WriteProcessMemory request was completed. (0x12B)
[0329/114957.580:WARNING:pe_image_reader.cc(340)] could not read dos header from C:\Program Files (x86)\Google\Chrome\Application\80.0.3987.149\chrome_elf.dll
[0329/114957.580:ERROR:process_memory_win.cc(73)] ReadMemory at 0x7ffe50f30000 of 64 bytes failed: Only part of a ReadProcessMemory or WriteProcessMemory request was completed. (0x12B)
[0329/114957.580:WARNING:pe_image_reader.cc(340)] could not read dos header from C:\WINDOWS\SYSTEM32\VERSION.dll
[0329/114957.580:ERROR:process_memory_win.cc(73)] ReadMemory at 0x7ffe5b270000 of 64 bytes failed: Only part of a ReadProcessMemory or WriteProcessMemory request was completed. (0x12B)
[0329/114957.580:WARNING:pe_image_reader.cc(340)] could not read dos header from C:\WINDOWS\System32\msvcrt.dll
[0329/114957.580:ERROR:process_memory_win.cc(73)] ReadMemory at 0x7ffe59800000 of 64 bytes failed: Only part of a ReadProcessMemory or WriteProcessMemory request was completed. (0x12B)
[0329/114957.580:WARNING:pe_image_reader.cc(340)] could not read dos header from C:\WINDOWS\System32\bcryptPrimitives.dll
[0329/114957.580:ERROR:process_memory_win.cc(73)] ReadMemory at 0x7ffe5a620000 of 64 bytes failed: Only part of a ReadProcessMemory or WriteProcessMemory request was completed. (0x12B)
[0329/114957.580:WARNING:pe_image_reader.cc(340)] could not read dos header from C:\WINDOWS\System32\ADVAPI32.dll
[0329/114957.580:ERROR:process_memory_win.cc(73)] ReadMemory at 0x7ffe5a4d0000 of 64 bytes failed: Only part of a ReadProcessMemory or WriteProcessMemory request was completed. (0x12B)
[0329/114957.580:WARNING:pe_image_reader.cc(340)] could not read dos header from C:\WINDOWS\System32\sechost.dll
[0329/114957.580:ERROR:process_memory_win.cc(73)] ReadMemory at 0x7ffe5ac00000 of 64 bytes failed: Only part of a ReadProcessMemory or WriteProcessMemory request was completed. (0x12B)
[0329/114957.580:WARNING:pe_image_reader.cc(340)] could not read dos header from C:\WINDOWS\System32\RPCRT4.dll
[0329/114957.580:ERROR:process_memory_win.cc(73)] ReadMemory at 0x7ffdfef70000 of 64 bytes failed: Only part of a ReadProcessMemory or WriteProcessMemory request was completed. (0x12B)
[0329/114957.580:WARNING:pe_image_reader.cc(340)] could not read dos header from C:\Program Files (x86)\Google\Chrome\Application\80.0.3987.149\chrome.dll
[0329/114957.580:ERROR:process_memory_win.cc(73)] ReadMemory at 0x7ffe5aac0000 of 64 bytes failed: Only part of a ReadProcessMemory or WriteProcessMemory request was completed. (0x12B)
[0329/114957.580:WARNING:pe_image_reader.cc(340)] could not read dos header from C:\WINDOWS\System32\WS2_32.dll
[0329/114957.581:ERROR:process_memory_win.cc(73)] ReadMemory at 0x7ffe5ab30000 of 64 bytes failed: Only part of a ReadProcessMemory or WriteProcessMemory request was completed. (0x12B)
[0329/114957.581:WARNING:pe_image_reader.cc(340)] could not read dos header from C:\WINDOWS\System32\OLEAUT32.dll
[0329/114957.581:ERROR:process_memory_win.cc(73)] ReadMemory at 0x7ffe59700000 of 64 bytes failed: Only part of a ReadProcessMemory or WriteProcessMemory request was completed. (0x12B)
[0329/114957.581:WARNING:pe_image_reader.cc(340)] could not read dos header from C:\WINDOWS\System32\msvcp_win.dll
[0329/114957.581:ERROR:process_memory_win.cc(73)] ReadMemory at 0x7ffe59a20000 of 64 bytes failed: Only part of a ReadProcessMemory or WriteProcessMemory request was completed. (0x12B)
[0329/114957.581:WARNING:pe_image_reader.cc(340)] could not read dos header from C:\WINDOWS\System32\ucrtbase.dll
[0329/114957.581:ERROR:process_memory_win.cc(73)] ReadMemory at 0x7ffe5a6d0000 of 64 bytes failed: Only part of a ReadProcessMemory or WriteProcessMemory request was completed. (0x12B)
[0329/114957.581:WARNING:pe_image_reader.cc(340)] could not read dos header from C:\WINDOWS\System32\combase.dll
[0329/114957.581:ERROR:process_memory_win.cc(73)] ReadMemory at 0x7ffe597a0000 of 64 bytes failed: Only part of a ReadProcessMemory or WriteProcessMemory request was completed. (0x12B)
[0329/114957.581:WARNING:pe_image_reader.cc(340)] could not read dos header from C:\WINDOWS\System32\WINTRUST.dll
[0329/114957.581:ERROR:process_memory_win.cc(73)] ReadMemory at 0x7ffe59110000 of 64 bytes failed: Only part of a ReadProcessMemory or WriteProcessMemory request was completed. (0x12B)
[0329/114957.581:WARNING:pe_image_reader.cc(340)] could not read dos header from C:\WINDOWS\System32\MSASN1.dll
[0329/114957.581:ERROR:process_memory_win.cc(73)] ReadMemory at 0x7ffe598b0000 of 64 bytes failed: Only part of a ReadProcessMemory or WriteProcessMemory request was completed. (0x12B)
[0329/114957.581:WARNING:pe_image_reader.cc(340)] could not read dos header from C:\WINDOWS\System32\CRYPT32.dll
[0329/114957.581:ERROR:process_memory_win.cc(73)] ReadMemory at 0x7ffe58660000 of 64 bytes failed: Only part of a ReadProcessMemory or WriteProcessMemory request was completed. (0x12B)
[0329/114957.581:WARNING:pe_image_reader.cc(340)] could not read dos header from C:\WINDOWS\SYSTEM32\IPHLPAPI.DLL
[0329/114957.581:ERROR:process_memory_win.cc(73)] ReadMemory at 0x7ffe568a0000 of 64 bytes failed: Only part of a ReadProcessMemory or WriteProcessMemory request was completed. (0x12B)
[0329/114957.581:WARNING:pe_image_reader.cc(340)] could not read dos header from C:\WINDOWS\SYSTEM32\WINMM.dll
[0329/114957.582:ERROR:process_memory_win.cc(73)] ReadMemory at 0x7ffe46820000 of 64 bytes failed: Only part of a ReadProcessMemory or WriteProcessMemory request was completed. (0x12B)
[0329/114957.582:WARNING:pe_image_reader.cc(340)] could not read dos header from C:\WINDOWS\SYSTEM32\Secur32.dll
[0329/114957.582:ERROR:process_memory_win.cc(73)] ReadMemory at 0x7ffe58fd0000 of 64 bytes failed: Only part of a ReadProcessMemory or WriteProcessMemory request was completed. (0x12B)
[0329/114957.582:WARNING:pe_image_reader.cc(340)] could not read dos header from C:\WINDOWS\SYSTEM32\USERENV.dll
[0329/114957.582:ERROR:process_memory_win.cc(73)] ReadMemory at 0x7ffe59130000 of 64 bytes failed: Only part of a ReadProcessMemory or WriteProcessMemory request was completed. (0x12B)
[0329/114957.582:WARNING:pe_image_reader.cc(340)] could not read dos header from C:\WINDOWS\System32\profapi.dll
[0329/114957.582:ERROR:process_memory_win.cc(73)] ReadMemory at 0x7ffe48800000 of 64 bytes failed: Only part of a ReadProcessMemory or WriteProcessMemory request was completed. (0x12B)
[0329/114957.582:WARNING:pe_image_reader.cc(340)] could not read dos header from C:\WINDOWS\SYSTEM32\UIAutomationCore.DLL
[0329/114957.582:ERROR:process_memory_win.cc(73)] ReadMemory at 0x7ffe4ac70000 of 64 bytes failed: Only part of a ReadProcessMemory or WriteProcessMemory request was completed. (0x12B)
[0329/114957.582:WARNING:pe_image_reader.cc(340)] could not read dos header from C:\WINDOWS\SYSTEM32\DWrite.dll
[0329/114957.582:ERROR:process_memory_win.cc(73)] ReadMemory at 0x7ffe44dc0000 of 64 bytes failed: Only part of a ReadProcessMemory or WriteProcessMemory request was completed. (0x12B)
[0329/114957.582:WARNING:pe_image_reader.cc(340)] could not read dos header from C:\WINDOWS\SYSTEM32\WINSPOOL.DRV
[0329/114957.582:ERROR:process_memory_win.cc(73)] ReadMemory at 0x7ffe590f0000 of 64 bytes failed: Only part of a ReadProcessMemory or WriteProcessMemory request was completed. (0x12B)
[0329/114957.582:WARNING:pe_image_reader.cc(340)] could not read dos header from C:\WINDOWS\System32\kernel.appcore.dll
[0329/114957.582:ERROR:process_memory_win.cc(73)] ReadMemory at 0x7ffe5a2a0000 of 64 bytes failed: Only part of a ReadProcessMemory or WriteProcessMemory request was completed. (0x12B)
[0329/114957.582:WARNING:pe_image_reader.cc(340)] could not read dos header from C:\WINDOWS\System32\bcrypt.dll
[0329/114957.582:ERROR:process_memory_win.cc(73)] ReadMemory at 0x7ffe57940000 of 64 bytes failed: Only part of a ReadProcessMemory or WriteProcessMemory request was completed. (0x12B)
[0329/114957.582:WARNING:pe_image_reader.cc(340)] could not read dos header from C:\WINDOWS\SYSTEM32\dbghelp.dll
[0329/114957.582:ERROR:process_memory_win.cc(73)] ReadMemory at 0x7ffe494d0000 of 64 bytes failed: Only part of a ReadProcessMemory or WriteProcessMemory request was completed. (0x12B)
[0329/114957.583:WARNING:pe_image_reader.cc(340)] could not read dos header from C:\WINDOWS\SYSTEM32\WINHTTP.dll
[0329/114957.583:ERROR:process_memory_win.cc(73)] ReadMemory at 0x7ffe51510000 of 64 bytes failed: Only part of a ReadProcessMemory or WriteProcessMemory request was completed. (0x12B)
[0329/114957.583:WARNING:pe_image_reader.cc(340)] could not read dos header from C:\WINDOWS\SYSTEM32\dhcpcsvc.DLL
[0329/114957.583:ERROR:process_memory_win.cc(73)] ReadMemory at 0x7ffe5b050000 of 64 bytes failed: Only part of a ReadProcessMemory or WriteProcessMemory request was completed. (0x12B)
[0329/114957.583:WARNING:pe_image_reader.cc(340)] could not read dos header from C:\WINDOWS\System32\NSI.dll
[0329/114957.583:ERROR:process_memory_win.cc(73)] ReadMemory at 0x7ffe56870000 of 64 bytes failed: Only part of a ReadProcessMemory or WriteProcessMemory request was completed. (0x12B)
[0329/114957.583:WARNING:pe_image_reader.cc(340)] could not read dos header from C:\WINDOWS\SYSTEM32\WINMMBASE.dll
[0329/114957.583:ERROR:process_memory_win.cc(73)] ReadMemory at 0x7ffe59460000 of 64 bytes failed: Only part of a ReadProcessMemory or WriteProcessMemory request was completed. (0x12B)
[0329/114957.583:WARNING:pe_image_reader.cc(340)] could not read dos header from C:\WINDOWS\System32\cfgmgr32.dll
[0329/114957.583:ERROR:process_memory_win.cc(73)] ReadMemory at 0x7ffe56af0000 of 64 bytes failed: Only part of a ReadProcessMemory or WriteProcessMemory request was completed. (0x12B)
[0329/114957.583:WARNING:pe_image_reader.cc(340)] could not read dos header from C:\WINDOWS\SYSTEM32\PROPSYS.dll
[0329/114957.583:ERROR:process_memory_win.cc(73)] ReadMemory at 0x7ffe5b310000 of 64 bytes failed: Only part of a ReadProcessMemory or WriteProcessMemory request was completed. (0x12B)
[0329/114957.583:WARNING:pe_image_reader.cc(340)] could not read dos header from C:\WINDOWS\System32\shcore.dll
[0329/114957.584:ERROR:process_memory_win.cc(73)] ReadMemory at 0x7ffe59000000 of 64 bytes failed: Only part of a ReadProcessMemory or WriteProcessMemory request was completed. (0x12B)
[0329/114957.584:WARNING:pe_image_reader.cc(340)] could not read dos header from C:\WINDOWS\SYSTEM32\SSPICLI.DLL
[0329/114957.584:ERROR:process_memory_win.cc(73)] ReadMemory at 0x7ffe58b20000 of 64 bytes failed: Only part of a ReadProcessMemory or WriteProcessMemory request was completed. (0x12B)
[0329/114957.584:WARNING:pe_image_reader.cc(340)] could not read dos header from C:\WINDOWS\SYSTEM32\CRYPTBASE.DLL
[0329/114957.584:ERROR:process_memory_win.cc(73)] ReadMemory at 0x7ff661290000 of 64 bytes failed: Only part of a ReadProcessMemory or WriteProcessMemory request was completed. (0x12B)
[0329/114957.584:WARNING:pe_image_reader.cc(340)] could not read dos header from C:\Program Files (x86)\Google\Chrome\Application\chrome.exe
[0329/114957.584:ERROR:process_memory_win.cc(73)] ReadMemory at 0x7ffe5c220000 of 64 bytes failed: Only part of a ReadProcessMemory or WriteProcessMemory request was completed. (0x12B)
[0329/114957.584:WARNING:pe_image_reader.cc(340)] could not read dos header from C:\WINDOWS\SYSTEM32\ntdll.dll
[0329/114957.584:ERROR:process_memory_win.cc(73)] ReadMemory at 0x7ffe5c120000 of 64 bytes failed: Only part of a ReadProcessMemory or WriteProcessMemory request was completed. (0x12B)
[0329/114957.584:WARNING:pe_image_reader.cc(340)] could not read dos header from C:\WINDOWS\System32\KERNEL32.DLL
[0329/114957.584:ERROR:process_memory_win.cc(73)] ReadMemory at 0x7ffe591b0000 of 64 bytes failed: Only part of a ReadProcessMemory or WriteProcessMemory request was completed. (0x12B)
[0329/114957.584:WARNING:pe_image_reader.cc(340)] could not read dos header from C:\WINDOWS\System32\KERNELBASE.dll
[0329/114957.584:ERROR:process_memory_win.cc(73)] ReadMemory at 0x77cb0000 of 64 bytes failed: Only part of a ReadProcessMemory or WriteProcessMemory request was completed. (0x12B)
[0329/114957.584:WARNING:pe_image_reader.cc(340)] could not read dos header from C:\WINDOWS\System32\SYSFER.DLL
[0329/114957.584:ERROR:process_memory_win.cc(73)] ReadMemory at 0x7ffe10170000 of 64 bytes failed: Only part of a ReadProcessMemory or WriteProcessMemory request was completed. (0x12B)
[0329/114957.584:WARNING:pe_image_reader.cc(340)] could not read dos header from C:\Program Files (x86)\Google\Chrome\Application\80.0.3987.149\chrome_elf.dll
[0329/114957.584:ERROR:process_memory_win.cc(73)] ReadMemory at 0x7ffe50f30000 of 64 bytes failed: Only part of a ReadProcessMemory or WriteProcessMemory request was completed. (0x12B)
[0329/114957.584:WARNING:pe_image_reader.cc(340)] could not read dos header from C:\WINDOWS\SYSTEM32\VERSION.dll
[0329/114957.584:ERROR:process_memory_win.cc(73)] ReadMemory at 0x7ffe5b270000 of 64 bytes failed: Only part of a ReadProcessMemory or WriteProcessMemory request was completed. (0x12B)
[0329/114957.584:WARNING:pe_image_reader.cc(340)] could not read dos header from C:\WINDOWS\System32\msvcrt.dll
[0329/114957.584:ERROR:process_memory_win.cc(73)] ReadMemory at 0x7ffe59800000 of 64 bytes failed: Only part of a ReadProcessMemory or WriteProcessMemory request was completed. (0x12B)
[0329/114957.585:WARNING:pe_image_reader.cc(340)] could not read dos header from C:\WINDOWS\System32\bcryptPrimitives.dll
[0329/114957.585:ERROR:process_memory_win.cc(73)] ReadMemory at 0x7ffe5a620000 of 64 bytes failed: Only part of a ReadProcessMemory or WriteProcessMemory request was completed. (0x12B)
[0329/114957.585:WARNING:pe_image_reader.cc(340)] could not read dos header from C:\WINDOWS\System32\ADVAPI32.dll
[0329/114957.585:ERROR:process_memory_win.cc(73)] ReadMemory at 0x7ffe5a4d0000 of 64 bytes failed: Only part of a ReadProcessMemory or WriteProcessMemory request was completed. (0x12B)
[0329/114957.585:WARNING:pe_image_reader.cc(340)] could not read dos header from C:\WINDOWS\System32\sechost.dll
[0329/114957.585:ERROR:process_memory_win.cc(73)] ReadMemory at 0x7ffe5ac00000 of 64 bytes failed: Only part of a ReadProcessMemory or WriteProcessMemory request was completed. (0x12B)
[0329/114957.585:WARNING:pe_image_reader.cc(340)] could not read dos header from C:\WINDOWS\System32\RPCRT4.dll
[0329/114957.585:ERROR:process_memory_win.cc(73)] ReadMemory at 0x7ffdfef70000 of 64 bytes failed: Only part of a ReadProcessMemory or WriteProcessMemory request was completed. (0x12B)
[0329/114957.585:WARNING:pe_image_reader.cc(340)] could not read dos header from C:\Program Files (x86)\Google\Chrome\Application\80.0.3987.149\chrome.dll
[0329/114957.585:ERROR:process_memory_win.cc(73)] ReadMemory at 0x7ffe5aac0000 of 64 bytes failed: Only part of a ReadProcessMemory or WriteProcessMemory request was completed. (0x12B)
[0329/114957.585:WARNING:pe_image_reader.cc(340)] could not read dos header from C:\WINDOWS\System32\WS2_32.dll
[0329/114957.585:ERROR:process_memory_win.cc(73)] ReadMemory at 0x7ffe5ab30000 of 64 bytes failed: Only part of a ReadProcessMemory or WriteProcessMemory request was completed. (0x12B)
[0329/114957.585:WARNING:pe_image_reader.cc(340)] could not read dos header from C:\WINDOWS\System32\OLEAUT32.dll
[0329/114957.585:ERROR:process_memory_win.cc(73)] ReadMemory at 0x7ffe59700000 of 64 bytes failed: Only part of a ReadProcessMemory or WriteProcessMemory request was completed. (0x12B)
[0329/114957.585:WARNING:pe_image_reader.cc(340)] could not read dos header from C:\WINDOWS\System32\msvcp_win.dll
[0329/114957.585:ERROR:process_memory_win.cc(73)] ReadMemory at 0x7ffe59a20000 of 64 bytes failed: Only part of a ReadProcessMemory or WriteProcessMemory request was completed. (0x12B)
[0329/114957.585:WARNING:pe_image_reader.cc(340)] could not read dos header from C:\WINDOWS\System32\ucrtbase.dll
[0329/114957.586:ERROR:process_memory_win.cc(73)] ReadMemory at 0x7ffe5a6d0000 of 64 bytes failed: Only part of a ReadProcessMemory or WriteProcessMemory request was completed. (0x12B)
[0329/114957.586:WARNING:pe_image_reader.cc(340)] could not read dos header from C:\WINDOWS\System32\combase.dll
[0329/114957.586:ERROR:process_memory_win.cc(73)] ReadMemory at 0x7ffe597a0000 of 64 bytes failed: Only part of a ReadProcessMemory or WriteProcessMemory request was completed. (0x12B)
[0329/114957.586:WARNING:pe_image_reader.cc(340)] could not read dos header from C:\WINDOWS\System32\WINTRUST.dll
[0329/114957.586:ERROR:process_memory_win.cc(73)] ReadMemory at 0x7ffe59110000 of 64 bytes failed: Only part of a ReadProcessMemory or WriteProcessMemory request was completed. (0x12B)
[0329/114957.586:WARNING:pe_image_reader.cc(340)] could not read dos header from C:\WINDOWS\System32\MSASN1.dll
[0329/114957.586:ERROR:process_memory_win.cc(73)] ReadMemory at 0x7ffe598b0000 of 64 bytes failed: Only part of a ReadProcessMemory or WriteProcessMemory request was completed. (0x12B)
[0329/114957.586:WARNING:pe_image_reader.cc(340)] could not read dos header from C:\WINDOWS\System32\CRYPT32.dll
[0329/114957.586:ERROR:process_memory_win.cc(73)] ReadMemory at 0x7ffe58660000 of 64 bytes failed: Only part of a ReadProcessMemory or WriteProcessMemory request was completed. (0x12B)
[0329/114957.586:WARNING:pe_image_reader.cc(340)] could not read dos header from C:\WINDOWS\SYSTEM32\IPHLPAPI.DLL
[0329/114957.586:ERROR:process_memory_win.cc(73)] ReadMemory at 0x7ffe568a0000 of 64 bytes failed: Only part of a ReadProcessMemory or WriteProcessMemory request was completed. (0x12B)
[0329/114957.586:WARNING:pe_image_reader.cc(340)] could not read dos header from C:\WINDOWS\SYSTEM32\WINMM.dll
[0329/114957.587:ERROR:process_memory_win.cc(73)] ReadMemory at 0x7ffe46820000 of 64 bytes failed: Only part of a ReadProcessMemory or WriteProcessMemory request was completed. (0x12B)
[0329/114957.587:WARNING:pe_image_reader.cc(340)] could not read dos header from C:\WINDOWS\SYSTEM32\Secur32.dll
[0329/114957.587:ERROR:process_memory_win.cc(73)] ReadMemory at 0x7ffe58fd0000 of 64 bytes failed: Only part of a ReadProcessMemory or WriteProcessMemory request was completed. (0x12B)
[0329/114957.587:WARNING:pe_image_reader.cc(340)] could not read dos header from C:\WINDOWS\SYSTEM32\USERENV.dll
[0329/114957.587:ERROR:process_memory_win.cc(73)] ReadMemory at 0x7ffe59130000 of 64 bytes failed: Only part of a ReadProcessMemory or WriteProcessMemory request was completed. (0x12B)
[0329/114957.587:WARNING:pe_image_reader.cc(340)] could not read dos header from C:\WINDOWS\System32\profapi.dll
[0329/114957.587:ERROR:process_memory_win.cc(73)] ReadMemory at 0x7ffe48800000 of 64 bytes failed: Only part of a ReadProcessMemory or WriteProcessMemory request was completed. (0x12B)
[0329/114957.587:WARNING:pe_image_reader.cc(340)] could not read dos header from C:\WINDOWS\SYSTEM32\UIAutomationCore.DLL
[0329/114957.587:ERROR:process_memory_win.cc(73)] ReadMemory at 0x7ffe4ac70000 of 64 bytes failed: Only part of a ReadProcessMemory or WriteProcessMemory request was completed. (0x12B)
[0329/114957.587:WARNING:pe_image_reader.cc(340)] could not read dos header from C:\WINDOWS\SYSTEM32\DWrite.dll
[0329/114957.587:ERROR:process_memory_win.cc(73)] ReadMemory at 0x7ffe44dc0000 of 64 bytes failed: Only part of a ReadProcessMemory or WriteProcessMemory request was completed. (0x12B)
[0329/114957.588:WARNING:pe_image_reader.cc(340)] could not read dos header from C:\WINDOWS\SYSTEM32\WINSPOOL.DRV
[0329/114957.588:ERROR:process_memory_win.cc(73)] ReadMemory at 0x7ffe590f0000 of 64 bytes failed: Only part of a ReadProcessMemory or WriteProcessMemory request was completed. (0x12B)
[0329/114957.588:WARNING:pe_image_reader.cc(340)] could not read dos header from C:\WINDOWS\System32\kernel.appcore.dll
[0329/114957.588:ERROR:process_memory_win.cc(73)] ReadMemory at 0x7ffe5a2a0000 of 64 bytes failed: Only part of a ReadProcessMemory or WriteProcessMemory request was completed. (0x12B)
[0329/114957.588:WARNING:pe_image_reader.cc(340)] could not read dos header from C:\WINDOWS\System32\bcrypt.dll
[0329/114957.588:ERROR:process_memory_win.cc(73)] ReadMemory at 0x7ffe57940000 of 64 bytes failed: Only part of a ReadProcessMemory or WriteProcessMemory request was completed. (0x12B)
[0329/114957.588:WARNING:pe_image_reader.cc(340)] could not read dos header from C:\WINDOWS\SYSTEM32\dbghelp.dll
[0329/114957.588:ERROR:process_memory_win.cc(73)] ReadMemory at 0x7ffe494d0000 of 64 bytes failed: Only part of a ReadProcessMemory or WriteProcessMemory request was completed. (0x12B)
[0329/114957.588:WARNING:pe_image_reader.cc(340)] could not read dos header from C:\WINDOWS\SYSTEM32\WINHTTP.dll
[0329/114957.588:ERROR:process_memory_win.cc(73)] ReadMemory at 0x7ffe51510000 of 64 bytes failed: Only part of a ReadProcessMemory or WriteProcessMemory request was completed. (0x12B)
[0329/114957.589:WARNING:pe_image_reader.cc(340)] could not read dos header from C:\WINDOWS\SYSTEM32\dhcpcsvc.DLL
[0329/114957.589:ERROR:process_memory_win.cc(73)] ReadMemory at 0x7ffe5b050000 of 64 bytes failed: Only part of a ReadProcessMemory or WriteProcessMemory request was completed. (0x12B)
[0329/114957.589:WARNING:pe_image_reader.cc(340)] could not read dos header from C:\WINDOWS\System32\NSI.dll
[0329/114957.589:ERROR:process_memory_win.cc(73)] ReadMemory at 0x7ffe56870000 of 64 bytes failed: Only part of a ReadProcessMemory or WriteProcessMemory request was completed. (0x12B)
[0329/114957.589:WARNING:pe_image_reader.cc(340)] could not read dos header from C:\WINDOWS\SYSTEM32\WINMMBASE.dll
[0329/114957.589:ERROR:process_memory_win.cc(73)] ReadMemory at 0x7ffe59460000 of 64 bytes failed: Only part of a ReadProcessMemory or WriteProcessMemory request was completed. (0x12B)
[0329/114957.589:WARNING:pe_image_reader.cc(340)] could not read dos header from C:\WINDOWS\System32\cfgmgr32.dll
[0329/114957.589:ERROR:process_memory_win.cc(73)] ReadMemory at 0x7ffe56af0000 of 64 bytes failed: Only part of a ReadProcessMemory or WriteProcessMemory request was completed. (0x12B)
[0329/114957.589:WARNING:pe_image_reader.cc(340)] could not read dos header from C:\WINDOWS\SYSTEM32\PROPSYS.dll
[0329/114957.589:ERROR:process_memory_win.cc(73)] ReadMemory at 0x7ffe5b310000 of 64 bytes failed: Only part of a ReadProcessMemory or WriteProcessMemory request was completed. (0x12B)
[0329/114957.589:WARNING:pe_image_reader.cc(340)] could not read dos header from C:\WINDOWS\System32\shcore.dll
[0329/114957.589:ERROR:process_memory_win.cc(73)] ReadMemory at 0x7ffe59000000 of 64 bytes failed: Only part of a ReadProcessMemory or WriteProcessMemory request was completed. (0x12B)
[0329/114957.589:WARNING:pe_image_reader.cc(340)] could not read dos header from C:\WINDOWS\SYSTEM32\SSPICLI.DLL
[0329/114957.589:ERROR:process_memory_win.cc(73)] ReadMemory at 0x7ffe58b20000 of 64 bytes failed: Only part of a ReadProcessMemory or WriteProcessMemory request was completed. (0x12B)
[0329/114957.589:WARNING:pe_image_reader.cc(340)] could not read dos header from C:\WINDOWS\SYSTEM32\CRYPTBASE.DLL
[0329/114957.607:ERROR:process_memory_win.cc(73)] ReadMemory at 0x2f007f4000 of 49152 bytes failed: Only part of a ReadProcessMemory or WriteProcessMemory request was completed. (0x12B)
[0329/114957.608:ERROR:process_memory_win.cc(73)] ReadMemory at 0x2f00ffd000 of 12288 bytes failed: Only part of a ReadProcessMemory or WriteProcessMemory request was completed. (0x12B)
[0329/114957.608:ERROR:process_memory_win.cc(73)] ReadMemory at 0x2f017fc000 of 16384 bytes failed: Only part of a ReadProcessMemory or WriteProcessMemory request was completed. (0x12B)
[0329/114957.609:ERROR:process_memory_win.cc(73)] ReadMemory at 0x2f01ffd000 of 12288 bytes failed: Only part of a ReadProcessMemory or WriteProcessMemory request was completed. (0x12B)
[0329/114957.609:ERROR:process_memory_win.cc(73)] ReadMemory at 0x2f027fc000 of 16384 bytes failed: Only part of a ReadProcessMemory or WriteProcessMemory request was completed. (0x12B)
[0329/114957.609:ERROR:process_memory_win.cc(73)] ReadMemory at 0x2f02fff000 of 4096 bytes failed: Only part of a ReadProcessMemory or WriteProcessMemory request was completed. (0x12B)
[0329/114957.609:ERROR:process_memory_win.cc(73)] ReadMemory at 0x2f037fd000 of 12288 bytes failed: Only part of a ReadProcessMemory or WriteProcessMemory request was completed. (0x12B)
[0329/114957.609:ERROR:process_memory_win.cc(73)] ReadMemory at 0x2f03ffc000 of 16384 bytes failed: Only part of a ReadProcessMemory or WriteProcessMemory request was completed. (0x12B)
[0329/114957.609:ERROR:process_memory_win.cc(73)] ReadMemory at 0x2f047fd000 of 12288 bytes failed: Only part of a ReadProcessMemory or WriteProcessMemory request was completed. (0x12B)
[0329/114957.609:ERROR:process_memory_win.cc(73)] ReadMemory at 0x2f04ffd000 of 12288 bytes failed: Only part of a ReadProcessMemory or WriteProcessMemory request was completed. (0x12B)
[0329/114957.609:ERROR:process_memory_win.cc(73)] ReadMemory at 0x2f057fd000 of 12288 bytes failed: Only part of a ReadProcessMemory or WriteProcessMemory request was completed. (0x12B)
[0329/114957.610:ERROR:process_memory_win.cc(73)] ReadMemory at 0x2f05ffd000 of 12288 bytes failed: Only part of a ReadProcessMemory or WriteProcessMemory request was completed. (0x12B)
[0329/114957.610:ERROR:process_memory_win.cc(73)] ReadMemory at 0x2f067fd000 of 12288 bytes failed: Only part of a ReadProcessMemory or WriteProcessMemory request was completed. (0x12B)
[0329/114957.610:ERROR:process_memory_win.cc(73)] ReadMemory at 0x2f06ffd000 of 12288 bytes failed: Only part of a ReadProcessMemory or WriteProcessMemory request was completed. (0x12B)
[0329/114957.610:ERROR:process_memory_win.cc(73)] ReadMemory at 0x2f077fd000 of 12288 bytes failed: Only part of a ReadProcessMemory or WriteProcessMemory request was completed. (0x12B)
[0329/114957.610:ERROR:process_memory_win.cc(73)] ReadMemory at 0x2f07ffd000 of 12288 bytes failed: Only part of a ReadProcessMemory or WriteProcessMemory request was completed. (0x12B)
[0329/114957.610:ERROR:process_memory_win.cc(73)] ReadMemory at 0x2f7f9db000 of 852 bytes failed: Only part of a ReadProcessMemory or WriteProcessMemory request was completed. (0x12B)
[0329/114957.610:ERROR:process_memory_win.cc(73)] ReadMemory at 0x2f7f9dc000 of 6024 bytes failed: Only part of a ReadProcessMemory or WriteProcessMemory request was completed. (0x12B)
[0329/114957.610:ERROR:process_memory_win.cc(73)] ReadMemory at 0x2f7f9de000 of 6024 bytes failed: Only part of a ReadProcessMemory or WriteProcessMemory request was completed. (0x12B)
[0329/114957.611:ERROR:process_memory_win.cc(73)] ReadMemory at 0x2f7f9e0000 of 6024 bytes failed: Only part of a ReadProcessMemory or WriteProcessMemory request was completed. (0x12B)
[0329/114957.611:ERROR:process_memory_win.cc(73)] ReadMemory at 0x2f7f9e2000 of 6024 bytes failed: Only part of a ReadProcessMemory or WriteProcessMemory request was completed. (0x12B)
[0329/114957.611:ERROR:process_memory_win.cc(73)] ReadMemory at 0x2f7f9e4000 of 6024 bytes failed: Only part of a ReadProcessMemory or WriteProcessMemory request was completed. (0x12B)
[0329/114957.611:ERROR:process_memory_win.cc(73)] ReadMemory at 0x2f7f9e6000 of 6024 bytes failed: Only part of a ReadProcessMemory or WriteProcessMemory request was completed. (0x12B)
[0329/114957.611:ERROR:process_memory_win.cc(73)] ReadMemory at 0x2f7f9e8000 of 6024 bytes failed: Only part of a ReadProcessMemory or WriteProcessMemory request was completed. (0x12B)
[0329/114957.611:ERROR:process_memory_win.cc(73)] ReadMemory at 0x2f7f9ea000 of 6024 bytes failed: Only part of a ReadProcessMemory or WriteProcessMemory request was completed. (0x12B)
[0329/114957.611:ERROR:process_memory_win.cc(73)] ReadMemory at 0x2f7f9ec000 of 6024 bytes failed: Only part of a ReadProcessMemory or WriteProcessMemory request was completed. (0x12B)
[0329/114957.612:ERROR:process_memory_win.cc(73)] ReadMemory at 0x2f7f9ee000 of 6024 bytes failed: Only part of a ReadProcessMemory or WriteProcessMemory request was completed. (0x12B)
[0329/114957.612:ERROR:process_memory_win.cc(73)] ReadMemory at 0x2f7f9f0000 of 6024 bytes failed: Only part of a ReadProcessMemory or WriteProcessMemory request was completed. (0x12B)
[0329/114957.612:ERROR:process_memory_win.cc(73)] ReadMemory at 0x2f7f9f2000 of 6024 bytes failed: Only part of a ReadProcessMemory or WriteProcessMemory request was completed. (0x12B)
[0329/114957.612:ERROR:process_memory_win.cc(73)] ReadMemory at 0x2f7f9f4000 of 6024 bytes failed: Only part of a ReadProcessMemory or WriteProcessMemory request was completed. (0x12B)
[0329/114957.612:ERROR:process_memory_win.cc(73)] ReadMemory at 0x2f7f9f6000 of 6024 bytes failed: Only part of a ReadProcessMemory or WriteProcessMemory request was completed. (0x12B)
[0329/114957.612:ERROR:process_memory_win.cc(73)] ReadMemory at 0x2f7f9f8000 of 6024 bytes failed: Only part of a ReadProcessMemory or WriteProcessMemory request was completed. (0x12B)
[0329/114957.612:ERROR:process_memory_win.cc(73)] ReadMemory at 0x2f7f9fa000 of 6024 bytes failed: Only part of a ReadProcessMemory or WriteProcessMemory request was completed. (0x12B)
[0329/114957.612:ERROR:process_memory_win.cc(73)] ReadMemory at 0x1bcd1ca0000 of 384 bytes failed: Only part of a ReadProcessMemory or WriteProcessMemory request was completed. (0x12B)
[0329/114957.612:ERROR:process_memory_win.cc(73)] ReadMemory at 0x1bcd1ca0fe0 of 16068 bytes failed: Only part of a ReadProcessMemory or WriteProcessMemory request was completed. (0x12B)
[0329/114957.613:ERROR:process_memory_win.cc(73)] ReadMemory at 0x1bcd1ca4eb0 of 1012 bytes failed: Only part of a ReadProcessMemory or WriteProcessMemory request was completed. (0x12B)
[0329/114957.613:ERROR:process_memory_win.cc(73)] ReadMemory at 0x1bcd1ca54f8 of 118 bytes failed: Only part of a ReadProcessMemory or WriteProcessMemory request was completed. (0x12B)
[0329/114957.613:ERROR:process_memory_win.cc(73)] ReadMemory at 0x1bcd1ca5570 of 766 bytes failed: Only part of a ReadProcessMemory or WriteProcessMemory request was completed. (0x12B)
[0329/114957.613:ERROR:process_memory_win.cc(73)] ReadMemory at 0x1bcd1ca5870 of 118 bytes failed: Only part of a ReadProcessMemory or WriteProcessMemory request was completed. (0x12B)
[0329/114957.613:ERROR:process_memory_win.cc(73)] ReadMemory at 0x1bcd1ca58e8 of 100 bytes failed: Only part of a ReadProcessMemory or WriteProcessMemory request was completed. (0x12B)
[0329/114957.613:ERROR:process_memory_win.cc(73)] ReadMemory at 0x1bcd1ca5960 of 58 bytes failed: Only part of a ReadProcessMemory or WriteProcessMemory request was completed. (0x12B)
[0329/114957.613:ERROR:process_memory_win.cc(73)] ReadMemory at 0x1bcd1ca5a60 of 132 bytes failed: Only part of a ReadProcessMemory or WriteProcessMemory request was completed. (0x12B)
[0329/114957.613:ERROR:process_memory_win.cc(73)] ReadMemory at 0x1bcd1ca5bf0 of 132 bytes failed: Only part of a ReadProcessMemory or WriteProcessMemory request was completed. (0x12B)
[0329/114957.613:ERROR:process_memory_win.cc(73)] ReadMemory at 0x1bcd1ca5db0 of 126 bytes failed: Only part of a ReadProcessMemory or WriteProcessMemory request was completed. (0x12B)
[0329/114957.613:ERROR:process_memory_win.cc(73)] ReadMemory at 0x1bcd1ca61a0 of 132 bytes failed: Only part of a ReadProcessMemory or WriteProcessMemory request was completed. (0x12B)
[0329/114957.613:ERROR:process_memory_win.cc(73)] ReadMemory at 0x1bcd1ca6330 of 64 bytes failed: Only part of a ReadProcessMemory or WriteProcessMemory request was completed. (0x12B)
[0329/114957.614:ERROR:process_memory_win.cc(73)] ReadMemory at 0x1bcd1ca6490 of 132 bytes failed: Only part of a ReadProcessMemory or WriteProcessMemory request was completed. (0x12B)
[0329/114957.614:ERROR:process_memory_win.cc(73)] ReadMemory at 0x1bcd1ca6620 of 60 bytes failed: Only part of a ReadProcessMemory or WriteProcessMemory request was completed. (0x12B)
[0329/114957.614:ERROR:process_memory_win.cc(73)] ReadMemory at 0x1bcd1ca6790 of 132 bytes failed: Only part of a ReadProcessMemory or WriteProcessMemory request was completed. (0x12B)
[0329/114957.614:ERROR:process_memory_win.cc(73)] ReadMemory at 0x1bcd1ca6920 of 68 bytes failed: Only part of a ReadProcessMemory or WriteProcessMemory request was completed. (0x12B)
[0329/114957.614:ERROR:process_memory_win.cc(73)] ReadMemory at 0x1bcd1ca79c0 of 132 bytes failed: Only part of a ReadProcessMemory or WriteProcessMemory request was completed. (0x12B)
[0329/114957.614:ERROR:process_memory_win.cc(73)] ReadMemory at 0x1bcd1ca7b30 of 132 bytes failed: Only part of a ReadProcessMemory or WriteProcessMemory request was completed. (0x12B)
[0329/114957.614:ERROR:process_memory_win.cc(73)] ReadMemory at 0x1bcd1ca7d40 of 132 bytes failed: Only part of a ReadProcessMemory or WriteProcessMemory request was completed. (0x12B)
[0329/114957.614:ERROR:process_memory_win.cc(73)] ReadMemory at 0x1bcd1ca7e70 of 154 bytes failed: Only part of a ReadProcessMemory or WriteProcessMemory request was completed. (0x12B)
[0329/114957.615:ERROR:process_memory_win.cc(73)] ReadMemory at 0x1bcd1ca8d70 of 132 bytes failed: Only part of a ReadProcessMemory or WriteProcessMemory request was completed. (0x12B)
[0329/114957.615:ERROR:process_memory_win.cc(73)] ReadMemory at 0x1bcd1ca8f00 of 60 bytes failed: Only part of a ReadProcessMemory or WriteProcessMemory request was completed. (0x12B)
[0329/114957.615:ERROR:process_memory_win.cc(73)] ReadMemory at 0x1bcd1ca9f40 of 62 bytes failed: Only part of a ReadProcessMemory or WriteProcessMemory request was completed. (0x12B)
[0329/114957.615:ERROR:process_memory_win.cc(73)] ReadMemory at 0x1bcd1cb4960 of 80 bytes failed: Only part of a ReadProcessMemory or WriteProcessMemory request was completed. (0x12B)
[0329/114957.615:ERROR:process_memory_win.cc(73)] ReadMemory at 0x1bcd1cb5000 of 132 bytes failed: Only part of a ReadProcessMemory or WriteProcessMemory request was completed. (0x12B)
[0329/114957.615:ERROR:process_memory_win.cc(73)] ReadMemory at 0x1bcd1cb9380 of 132 bytes failed: Only part of a ReadProcessMemory or WriteProcessMemory request was completed. (0x12B)
[0329/114957.615:ERROR:process_memory_win.cc(73)] ReadMemory at 0x1bcd1cb9a50 of 132 bytes failed: Only part of a ReadProcessMemory or WriteProcessMemory request was completed. (0x12B)
[0329/114957.615:ERROR:process_memory_win.cc(73)] ReadMemory at 0x1bcd1cb9b80 of 132 bytes failed: Only part of a ReadProcessMemory or WriteProcessMemory request was completed. (0x12B)
[0329/114957.616:ERROR:process_memory_win.cc(73)] ReadMemory at 0x1bcd1cb9da0 of 132 bytes failed: Only part of a ReadProcessMemory or WriteProcessMemory request was completed. (0x12B)
[0329/114957.616:ERROR:process_memory_win.cc(73)] ReadMemory at 0x1bcd1cb9ef0 of 132 bytes failed: Only part of a ReadProcessMemory or WriteProcessMemory request was completed. (0x12B)
[0329/114957.616:ERROR:process_memory_win.cc(73)] ReadMemory at 0x1bcd1cba6e0 of 146 bytes failed: Only part of a ReadProcessMemory or WriteProcessMemory request was completed. (0x12B)
[0329/114957.616:ERROR:process_memory_win.cc(73)] ReadMemory at 0x1bcd1cbb950 of 76 bytes failed: Only part of a ReadProcessMemory or WriteProcessMemory request was completed. (0x12B)
[0329/114957.616:ERROR:process_memory_win.cc(73)] ReadMemory at 0x1bcd1cbbe30 of 80 bytes failed: Only part of a ReadProcessMemory or WriteProcessMemory request was completed. (0x12B)
[0329/114957.616:ERROR:process_memory_win.cc(73)] ReadMemory at 0x1bcd1cbe170 of 54 bytes failed: Only part of a ReadProcessMemory or WriteProcessMemory request was completed. (0x12B)
[0329/114957.616:ERROR:process_memory_win.cc(73)] ReadMemory at 0x1bcd1cbf790 of 132 bytes failed: Only part of a ReadProcessMemory or WriteProcessMemory request was completed. (0x12B)
[0329/114957.616:ERROR:process_memory_win.cc(73)] ReadMemory at 0x1bcd1cbf8c0 of 132 bytes failed: Only part of a ReadProcessMemory or WriteProcessMemory request was completed. (0x12B)
[0329/114957.616:ERROR:process_memory_win.cc(73)] ReadMemory at 0x1bcd1cbf9f0 of 132 bytes failed: Only part of a ReadProcessMemory or WriteProcessMemory request was completed. (0x12B)
[0329/114957.617:ERROR:process_memory_win.cc(73)] ReadMemory at 0x1bcd1cbfb20 of 132 bytes failed: Only part of a ReadProcessMemory or WriteProcessMemory request was completed. (0x12B)
[0329/114957.617:ERROR:process_memory_win.cc(73)] ReadMemory at 0x1bcd1cbfc50 of 132 bytes failed: Only part of a ReadProcessMemory or WriteProcessMemory request was completed. (0x12B)
[0329/114957.617:ERROR:process_memory_win.cc(73)] ReadMemory at 0x1bcd1cbfd80 of 132 bytes failed: Only part of a ReadProcessMemory or WriteProcessMemory request was completed. (0x12B)
[0329/114957.617:ERROR:process_memory_win.cc(73)] ReadMemory at 0x1bcd1cbfeb0 of 132 bytes failed: Only part of a ReadProcessMemory or WriteProcessMemory request was completed. (0x12B)
[0329/114957.617:ERROR:process_memory_win.cc(73)] ReadMemory at 0x1bcd1cbffe0 of 132 bytes failed: Only part of a ReadProcessMemory or WriteProcessMemory request was completed. (0x12B)
[0329/114957.617:ERROR:process_memory_win.cc(73)] ReadMemory at 0x1bcd1cc0240 of 132 bytes failed: Only part of a ReadProcessMemory or WriteProcessMemory request was completed. (0x12B)
[0329/114957.617:ERROR:process_memory_win.cc(73)] ReadMemory at 0x1bcd1cc0370 of 132 bytes failed: Only part of a ReadProcessMemory or WriteProcessMemory request was completed. (0x12B)
[0329/114957.617:ERROR:process_memory_win.cc(73)] ReadMemory at 0x1bcd1cc04a0 of 132 bytes failed: Only part of a ReadProcessMemory or WriteProcessMemory request was completed. (0x12B)
[0329/114957.617:ERROR:process_memory_win.cc(73)] ReadMemory at 0x1bcd1cc05d0 of 132 bytes failed: Only part of a ReadProcessMemory or WriteProcessMemory request was completed. (0x12B)
[0329/114957.618:ERROR:process_memory_win.cc(73)] ReadMemory at 0x1bcd1cc15f0 of 132 bytes failed: Only part of a ReadProcessMemory or WriteProcessMemory request was completed. (0x12B)
[0329/114957.618:ERROR:process_memory_win.cc(73)] ReadMemory at 0x1bcd1cc1fe0 of 132 bytes failed: Only part of a ReadProcessMemory or WriteProcessMemory request was completed. (0x12B)
[0329/114957.618:ERROR:process_memory_win.cc(73)] ReadMemory at 0x1bcd1cc2330 of 66 bytes failed: Only part of a ReadProcessMemory or WriteProcessMemory request was completed. (0x12B)
[0329/114957.618:ERROR:process_memory_win.cc(73)] ReadMemory at 0x1bcd1cc2380 of 62 bytes failed: Only part of a ReadProcessMemory or WriteProcessMemory request was completed. (0x12B)
[0329/114957.618:ERROR:process_memory_win.cc(73)] ReadMemory at 0x1bcd1cc23d0 of 60 bytes failed: Only part of a ReadProcessMemory or WriteProcessMemory request was completed. (0x12B)
[0329/114957.618:ERROR:process_memory_win.cc(73)] ReadMemory at 0x1bcd1cc2560 of 60 bytes failed: Only part of a ReadProcessMemory or WriteProcessMemory request was completed. (0x12B)
[0329/114957.618:ERROR:process_memory_win.cc(73)] ReadMemory at 0x1bcd1cc2650 of 62 bytes failed: Only part of a ReadProcessMemory or WriteProcessMemory request was completed. (0x12B)
[0329/114957.618:ERROR:process_memory_win.cc(73)] ReadMemory at 0x1bcd1cc26a0 of 60 bytes failed: Only part of a ReadProcessMemory or WriteProcessMemory request was completed. (0x12B)
[0329/114957.618:ERROR:process_memory_win.cc(73)] ReadMemory at 0x1bcd1cc26f0 of 60 bytes failed: Only part of a ReadProcessMemory or WriteProcessMemory request was completed. (0x12B)
[0329/114957.618:ERROR:process_memory_win.cc(73)] ReadMemory at 0x1bcd1cc2740 of 62 bytes failed: Only part of a ReadProcessMemory or WriteProcessMemory request was completed. (0x12B)
[0329/114957.618:ERROR:process_memory_win.cc(73)] ReadMemory at 0x1bcd1cc27e0 of 64 bytes failed: Only part of a ReadProcessMemory or WriteProcessMemory request was completed. (0x12B)
[0329/114957.619:ERROR:process_memory_win.cc(73)] ReadMemory at 0x1bcd1cc2880 of 62 bytes failed: Only part of a ReadProcessMemory or WriteProcessMemory request was completed. (0x12B)
[0329/114957.619:ERROR:process_memory_win.cc(73)] ReadMemory at 0x1bcd1cc28d0 of 62 bytes failed: Only part of a ReadProcessMemory or WriteProcessMemory request was completed. (0x12B)
[0329/114957.619:ERROR:process_memory_win.cc(73)] ReadMemory at 0x1bcd1cc2970 of 66 bytes failed: Only part of a ReadProcessMemory or WriteProcessMemory request was completed. (0x12B)
[0329/114957.619:ERROR:process_memory_win.cc(73)] ReadMemory at 0x1bcd1cc2a10 of 64 bytes failed: Only part of a ReadProcessMemory or WriteProcessMemory request was completed. (0x12B)
[0329/114957.619:ERROR:process_memory_win.cc(73)] ReadMemory at 0x1bcd1cc2ab0 of 60 bytes failed: Only part of a ReadProcessMemory or WriteProcessMemory request was completed. (0x12B)
[0329/114957.619:ERROR:process_memory_win.cc(73)] ReadMemory at 0x1bcd1cc2ba0 of 62 bytes failed: Only part of a ReadProcessMemory or WriteProcessMemory request was completed. (0x12B)
[0329/114957.619:ERROR:process_memory_win.cc(73)] ReadMemory at 0x1bcd1cc2c40 of 62 bytes failed: Only part of a ReadProcessMemory or WriteProcessMemory request was completed. (0x12B)
[0329/114957.619:ERROR:process_memory_win.cc(73)] ReadMemory at 0x1bcd1cc2c90 of 64 bytes failed: Only part of a ReadProcessMemory or WriteProcessMemory request was completed. (0x12B)
[0329/114957.619:ERROR:process_memory_win.cc(73)] ReadMemory at 0x1bcd1cc2ce0 of 62 bytes failed: Only part of a ReadProcessMemory or WriteProcessMemory request was completed. (0x12B)
[0329/114957.619:ERROR:process_memory_win.cc(73)] ReadMemory at 0x1bcd1cc2d30 of 64 bytes failed: Only part of a ReadProcessMemory or WriteProcessMemory request was completed. (0x12B)
[0329/114957.620:ERROR:process_memory_win.cc(73)] ReadMemory at 0x1bcd1cc2e20 of 64 bytes failed: Only part of a ReadProcessMemory or WriteProcessMemory request was completed. (0x12B)
[0329/114957.620:ERROR:process_memory_win.cc(73)] ReadMemory at 0x1bcd1cc2e70 of 58 bytes failed: Only part of a ReadProcessMemory or WriteProcessMemory request was completed. (0x12B)
[0329/114957.620:ERROR:process_memory_win.cc(73)] ReadMemory at 0x1bcd1cc2ec0 of 64 bytes failed: Only part of a ReadProcessMemory or WriteProcessMemory request was completed. (0x12B)
[0329/114957.620:ERROR:process_memory_win.cc(73)] ReadMemory at 0x1bcd1cc2f10 of 64 bytes failed: Only part of a ReadProcessMemory or WriteProcessMemory request was completed. (0x12B)
[0329/114957.620:ERROR:process_memory_win.cc(73)] ReadMemory at 0x1bcd1cc2f60 of 60 bytes failed: Only part of a ReadProcessMemory or WriteProcessMemory request was completed. (0x12B)
[0329/114957.621:ERROR:process_memory_win.cc(73)] ReadMemory at 0x1bcd1cc3000 of 62 bytes failed: Only part of a ReadProcessMemory or WriteProcessMemory request was completed. (0x12B)
[0329/114957.621:ERROR:process_memory_win.cc(73)] ReadMemory at 0x1bcd1cc3140 of 64 bytes failed: Only part of a ReadProcessMemory or WriteProcessMemory request was completed. (0x12B)
[0329/114957.621:ERROR:process_memory_win.cc(73)] ReadMemory at 0x1bcd1cc3190 of 62 bytes failed: Only part of a ReadProcessMemory or WriteProcessMemory request was completed. (0x12B)
[0329/114957.621:ERROR:process_memory_win.cc(73)] ReadMemory at 0x1bcd1cc6200 of 132 bytes failed: Only part of a ReadProcessMemory or WriteProcessMemory request was completed. (0x12B)
[0329/114957.621:ERROR:process_memory_win.cc(73)] ReadMemory at 0x1bcd1cc6590 of 132 bytes failed: Only part of a ReadProcessMemory or WriteProcessMemory request was completed. (0x12B)
[0329/114957.621:ERROR:process_memory_win.cc(73)] ReadMemory at 0x1bcd1cc66c0 of 132 bytes failed: Only part of a ReadProcessMemory or WriteProcessMemory request was completed. (0x12B)
[0329/114957.621:ERROR:process_memory_win.cc(73)] ReadMemory at 0x1bcd1cc67f0 of 132 bytes failed: Only part of a ReadProcessMemory or WriteProcessMemory request was completed. (0x12B)
[0329/114957.621:ERROR:process_memory_win.cc(73)] ReadMemory at 0x1bcd1cc6920 of 132 bytes failed: Only part of a ReadProcessMemory or WriteProcessMemory request was completed. (0x12B)
[0329/114957.621:ERROR:process_memory_win.cc(73)] ReadMemory at 0x1bcd1cc6a50 of 132 bytes failed: Only part of a ReadProcessMemory or WriteProcessMemory request was completed. (0x12B)
[0329/114957.622:ERROR:process_memory_win.cc(73)] ReadMemory at 0x1bcd1cc6de0 of 132 bytes failed: Only part of a ReadProcessMemory or WriteProcessMemory request was completed. (0x12B)
[0329/114957.622:ERROR:process_memory_win.cc(73)] ReadMemory at 0x1bcd1cc73d0 of 132 bytes failed: Only part of a ReadProcessMemory or WriteProcessMemory request was completed. (0x12B)
[0329/114957.622:ERROR:process_memory_win.cc(73)] ReadMemory at 0x1bcd1cc7500 of 132 bytes failed: Only part of a ReadProcessMemory or WriteProcessMemory request was completed. (0x12B)
[0329/114957.622:ERROR:process_memory_win.cc(73)] ReadMemory at 0x1bcd1cc7d50 of 132 bytes failed: Only part of a ReadProcessMemory or WriteProcessMemory request was completed. (0x12B)
[0329/114957.622:ERROR:process_memory_win.cc(73)] ReadMemory at 0x1bcd1cc7e80 of 132 bytes failed: Only part of a ReadProcessMemory or WriteProcessMemory request was completed. (0x12B)
[0329/114957.622:ERROR:process_memory_win.cc(73)] ReadMemory at 0x1bcd1cecb70 of 512 bytes failed: Only part of a ReadProcessMemory or WriteProcessMemory request was completed. (0x12B)
[0329/114957.623:ERROR:process_memory_win.cc(73)] ReadMemory at 0x1bcd1cf0ee0 of 512 bytes failed: Only part of a ReadProcessMemory or WriteProcessMemory request was completed. (0x12B)
[0329/114957.623:ERROR:process_memory_win.cc(73)] ReadMemory at 0x1bcd2120f40 of 896 bytes failed: Only part of a ReadProcessMemory or WriteProcessMemory request was completed. (0x12B)
[0329/114957.623:ERROR:process_memory_win.cc(73)] ReadMemory at 0x1bcd22886e0 of 512 bytes failed: Only part of a ReadProcessMemory or WriteProcessMemory request was completed. (0x12B)
[0329/114957.623:ERROR:process_memory_win.cc(73)] ReadMemory at 0x1bcd22a1900 of 512 bytes failed: Only part of a ReadProcessMemory or WriteProcessMemory request was completed. (0x12B)
[0329/114957.623:ERROR:process_memory_win.cc(73)] ReadMemory at 0x1bcd22a3660 of 512 bytes failed: Only part of a ReadProcessMemory or WriteProcessMemory request was completed. (0x12B)
[0329/114957.623:ERROR:process_memory_win.cc(73)] ReadMemory at 0x1bcd22a4020 of 512 bytes failed: Only part of a ReadProcessMemory or WriteProcessMemory request was completed. (0x12B)
[0329/114957.624:ERROR:process_memory_win.cc(73)] ReadMemory at 0x1bcd22b15a0 of 512 bytes failed: Only part of a ReadProcessMemory or WriteProcessMemory request was completed. (0x12B)
[0329/114957.624:ERROR:process_memory_win.cc(73)] ReadMemory at 0x1bcd22c35e0 of 712 bytes failed: Only part of a ReadProcessMemory or WriteProcessMemory request was completed. (0x12B)
[0329/114957.624:ERROR:process_memory_win.cc(73)] ReadMemory at 0x1bcd22cbae0 of 512 bytes failed: Only part of a ReadProcessMemory or WriteProcessMemory request was completed. (0x12B)
[0329/114957.624:ERROR:process_memory_win.cc(73)] ReadMemory at 0x1bcd22cdd78 of 512 bytes failed: Only part of a ReadProcessMemory or WriteProcessMemory request was completed. (0x12B)
[0329/114957.625:ERROR:process_memory_win.cc(73)] ReadMemory at 0x1bcd22ce288 of 512 bytes failed: Only part of a ReadProcessMemory or WriteProcessMemory request was completed. (0x12B)
[0329/114957.625:ERROR:process_memory_win.cc(73)] ReadMemory at 0x1bcd22ce8b8 of 512 bytes failed: Only part of a ReadProcessMemory or WriteProcessMemory request was completed. (0x12B)
[0329/114957.625:ERROR:process_memory_win.cc(73)] ReadMemory at 0x1bcd22cf878 of 512 bytes failed: Only part of a ReadProcessMemory or WriteProcessMemory request was completed. (0x12B)
[0329/114957.625:ERROR:process_memory_win.cc(73)] ReadMemory at 0x1bcd22cfbd8 of 512 bytes failed: Only part of a ReadProcessMemory or WriteProcessMemory request was completed. (0x12B)
[0329/114957.625:ERROR:process_memory_win.cc(73)] ReadMemory at 0x1bcd4040000 of 384 bytes failed: Only part of a ReadProcessMemory or WriteProcessMemory request was completed. (0x12B)
[0329/114957.626:ERROR:process_memory_win.cc(73)] ReadMemory at 0x1bcd40971e0 of 512 bytes failed: Only part of a ReadProcessMemory or WriteProcessMemory request was completed. (0x12B)
[0329/114957.626:ERROR:process_memory_win.cc(73)] ReadMemory at 0x1bcd40b19b8 of 512 bytes failed: Only part of a ReadProcessMemory or WriteProcessMemory request was completed. (0x12B)
[0329/114957.626:ERROR:process_memory_win.cc(73)] ReadMemory at 0x1f6d195240c0 of 512 bytes failed: Only part of a ReadProcessMemory or WriteProcessMemory request was completed. (0x12B)
[0329/114957.626:ERROR:process_memory_win.cc(73)] ReadMemory at 0x7ffe0152054c of 512 bytes failed: Only part of a ReadProcessMemory or WriteProcessMemory request was completed. (0x12B)
[0329/114957.626:ERROR:process_memory_win.cc(73)] ReadMemory at 0x7ffe022b3d1b of 512 bytes failed: Only part of a ReadProcessMemory or WriteProcessMemory request was completed. (0x12B)
[0329/114957.626:ERROR:process_memory_win.cc(73)] ReadMemory at 0x7ffe06386d48 of 512 bytes failed: Only part of a ReadProcessMemory or WriteProcessMemory request was completed. (0x12B)
[0329/114957.626:ERROR:process_memory_win.cc(73)] ReadMemory at 0x7ffe5941b720 of 512 bytes failed: Only part of a ReadProcessMemory or WriteProcessMemory request was completed. (0x12B)
[0329/114957.626:ERROR:process_memory_win.cc(73)] ReadMemory at 0x7ffe5c2bc0c4 of 672 bytes failed: Only part of a ReadProcessMemory or WriteProcessMemory request was completed. (0x12B)
[0329/114957.626:ERROR:process_memory_win.cc(73)] ReadMemory at 0x7ffe5c2bc6c4 of 512 bytes failed: Only part of a ReadProcessMemory or WriteProcessMemory request was completed. (0x12B)
[0329/114957.626:ERROR:process_memory_win.cc(73)] ReadMemory at 0x7ffe5c2bf974 of 608 bytes failed: Only part of a ReadProcessMemory or WriteProcessMemory request was completed. (0x12B)
[0329/114957.626:ERROR:process_memory_win.cc(73)] ReadMemory at 0x7ffe5c34c428 of 18 bytes failed: Only part of a ReadProcessMemory or WriteProcessMemory request was completed. (0x12B)
[0329/114957.627:ERROR:process_memory_win.cc(73)] ReadMemory at 0x7ffe5c37f4f8 of 40 bytes failed: Only part of a ReadProcessMemory or WriteProcessMemory request was completed. (0x12B)
[0329/114957.627:ERROR:process_memory_win.cc(73)] ReadMemory at 0x7ffe5c37f978 of 48 bytes failed: Only part of a ReadProcessMemory or WriteProcessMemory request was completed. (0x12B)
[0329/114957.627:ERROR:process_memory_win.cc(73)] ReadMemory at 0x7ffe5c3853c0 of 64 bytes failed: Only part of a ReadProcessMemory or WriteProcessMemory request was completed. (0x12B)
[0329/114957.628:ERROR:scoped_process_suspend.cc(40)] NtResumeProcess: An attempt was made to access an exiting process. (0xc000010a)
